2025-02-23 09:13:50,439 INFO    MainThread:71108 [wandb_setup.py:_flush():67] Current SDK version is 0.19.7
2025-02-23 09:13:50,439 INFO    MainThread:71108 [wandb_setup.py:_flush():67] Configure stats pid to 71108
2025-02-23 09:13:50,439 INFO    MainThread:71108 [wandb_setup.py:_flush():67] Loading settings from /Users/akshayjacobthomas/.config/wandb/settings
2025-02-23 09:13:50,439 INFO    MainThread:71108 [wandb_setup.py:_flush():67] Loading settings from /Users/akshayjacobthomas/Documents/GitHub/DiffMicromehanics/surrogate/wandb/settings
2025-02-23 09:13:50,439 INFO    MainThread:71108 [wandb_setup.py:_flush():67] Loading settings from environment variables
2025-02-23 09:13:50,439 INFO    MainThread:71108 [wandb_init.py:setup_run_log_directory():647] Logging user logs to /Users/akshayjacobthomas/Documents/GitHub/DiffMicromehanics/surrogate/wandb/run-20250223_091350-ujpphk7h/logs/debug.log
2025-02-23 09:13:50,440 INFO    MainThread:71108 [wandb_init.py:setup_run_log_directory():648] Logging internal logs to /Users/akshayjacobthomas/Documents/GitHub/DiffMicromehanics/surrogate/wandb/run-20250223_091350-ujpphk7h/logs/debug-internal.log
2025-02-23 09:13:50,440 INFO    MainThread:71108 [wandb_init.py:init():761] calling init triggers
2025-02-23 09:13:50,440 INFO    MainThread:71108 [wandb_init.py:init():766] wandb.init called with sweep_config: {}
config: {'_wandb': {}}
2025-02-23 09:13:50,440 INFO    MainThread:71108 [wandb_init.py:init():784] starting backend
2025-02-23 09:13:50,440 INFO    MainThread:71108 [wandb_init.py:init():788] sending inform_init request
2025-02-23 09:13:50,484 INFO    MainThread:71108 [backend.py:_multiprocessing_setup():97] multiprocessing start_methods=spawn,fork,forkserver, using: spawn
2025-02-23 09:13:50,489 INFO    MainThread:71108 [wandb_init.py:init():803] backend started and connected
2025-02-23 09:13:50,496 INFO    MainThread:71108 [wandb_init.py:init():896] updated telemetry
2025-02-23 09:13:50,531 INFO    MainThread:71108 [wandb_init.py:init():920] communicating run to backend with 90.0 second timeout
2025-02-23 09:13:50,815 INFO    MainThread:71108 [wandb_init.py:init():995] starting run threads in backend
2025-02-23 09:13:50,884 INFO    MainThread:71108 [wandb_run.py:_console_start():2377] atexit reg
2025-02-23 09:13:50,884 INFO    MainThread:71108 [wandb_run.py:_redirect():2227] redirect: wrap_raw
2025-02-23 09:13:50,884 INFO    MainThread:71108 [wandb_run.py:_redirect():2292] Wrapping output streams.
2025-02-23 09:13:50,884 INFO    MainThread:71108 [wandb_run.py:_redirect():2317] Redirects installed.
2025-02-23 09:13:50,885 INFO    MainThread:71108 [wandb_init.py:init():1037] run started, returning control to user process
2025-02-23 09:15:44,530 WARNING MsgRouterThr:71108 [router.py:message_loop():77] message_loop has been closed
Traceback (most recent call last):
  File "/Users/akshayjacobthomas/anaconda3/envs/jax_trial/lib/python3.9/site-packages/wandb/sdk/interface/router_sock.py", line 28, in _read_message
    resp = self._sock_client.read_server_response(timeout=1)
  File "/Users/akshayjacobthomas/anaconda3/envs/jax_trial/lib/python3.9/site-packages/wandb/sdk/lib/sock_client.py", line 285, in read_server_response
    data = self._read_packet_bytes(timeout=timeout)
  File "/Users/akshayjacobthomas/anaconda3/envs/jax_trial/lib/python3.9/site-packages/wandb/sdk/lib/sock_client.py", line 270, in _read_packet_bytes
    raise SockClientClosedError
wandb.sdk.lib.sock_client.SockClientClosedError

The above exception was the direct cause of the following exception:

Traceback (most recent call last):
  File "/Users/akshayjacobthomas/anaconda3/envs/jax_trial/lib/python3.9/site-packages/wandb/sdk/interface/router.py", line 70, in message_loop
    msg = self._read_message()
  File "/Users/akshayjacobthomas/anaconda3/envs/jax_trial/lib/python3.9/site-packages/wandb/sdk/interface/router_sock.py", line 30, in _read_message
    raise MessageRouterClosedError from e
wandb.sdk.interface.router.MessageRouterClosedError
2025-02-23 09:15:44,531 INFO    MsgRouterThr:71108 [mailbox.py:close():115] Closing mailbox, abandoning 1 handles.
