2026-02-02 21:12:59,950 INFO    MainThread:9691 [wandb_setup.py:_flush():67] Current SDK version is 0.19.7
2026-02-02 21:12:59,951 INFO    MainThread:9691 [wandb_setup.py:_flush():67] Configure stats pid to 9691
2026-02-02 21:12:59,951 INFO    MainThread:9691 [wandb_setup.py:_flush():67] Loading settings from /Users/akshayjacobthomas/.config/wandb/settings
2026-02-02 21:12:59,951 INFO    MainThread:9691 [wandb_setup.py:_flush():67] Loading settings from /Users/akshayjacobthomas/Documents/GitHub/DiffMicromehanics/TC_surrogate/wandb/settings
2026-02-02 21:12:59,951 INFO    MainThread:9691 [wandb_setup.py:_flush():67] Loading settings from environment variables
2026-02-02 21:12:59,951 INFO    MainThread:9691 [wandb_init.py:setup_run_log_directory():647] Logging user logs to /Users/akshayjacobthomas/Documents/GitHub/DiffMicromehanics/TC_surrogate/wandb/run-20260202_211259-lxvw7mfe/logs/debug.log
2026-02-02 21:12:59,951 INFO    MainThread:9691 [wandb_init.py:setup_run_log_directory():648] Logging internal logs to /Users/akshayjacobthomas/Documents/GitHub/DiffMicromehanics/TC_surrogate/wandb/run-20260202_211259-lxvw7mfe/logs/debug-internal.log
2026-02-02 21:12:59,951 INFO    MainThread:9691 [wandb_init.py:init():761] calling init triggers
2026-02-02 21:12:59,951 INFO    MainThread:9691 [wandb_init.py:init():766] wandb.init called with sweep_config: {}
config: {'_wandb': {}}
2026-02-02 21:12:59,951 INFO    MainThread:9691 [wandb_init.py:init():784] starting backend
2026-02-02 21:12:59,951 INFO    MainThread:9691 [wandb_init.py:init():788] sending inform_init request
2026-02-02 21:12:59,981 INFO    MainThread:9691 [backend.py:_multiprocessing_setup():97] multiprocessing start_methods=spawn,fork,forkserver, using: spawn
2026-02-02 21:12:59,982 INFO    MainThread:9691 [wandb_init.py:init():803] backend started and connected
2026-02-02 21:12:59,985 INFO    MainThread:9691 [wandb_init.py:init():896] updated telemetry
2026-02-02 21:13:00,010 INFO    MainThread:9691 [wandb_init.py:init():920] communicating run to backend with 90.0 second timeout
2026-02-02 21:13:01,020 INFO    MainThread:9691 [wandb_init.py:init():995] starting run threads in backend
2026-02-02 21:13:01,142 INFO    MainThread:9691 [wandb_run.py:_console_start():2377] atexit reg
2026-02-02 21:13:01,142 INFO    MainThread:9691 [wandb_run.py:_redirect():2227] redirect: wrap_raw
2026-02-02 21:13:01,143 INFO    MainThread:9691 [wandb_run.py:_redirect():2292] Wrapping output streams.
2026-02-02 21:13:01,143 INFO    MainThread:9691 [wandb_run.py:_redirect():2317] Redirects installed.
2026-02-02 21:13:01,144 INFO    MainThread:9691 [wandb_init.py:init():1037] run started, returning control to user process
2026-02-02 21:13:02,561 WARNING MsgRouterThr:9691 [router.py:message_loop():77] message_loop has been closed
Traceback (most recent call last):
  File "/Users/akshayjacobthomas/anaconda3/envs/jax_trial/lib/python3.9/site-packages/wandb/sdk/interface/router_sock.py", line 28, in _read_message
    resp = self._sock_client.read_server_response(timeout=1)
  File "/Users/akshayjacobthomas/anaconda3/envs/jax_trial/lib/python3.9/site-packages/wandb/sdk/lib/sock_client.py", line 285, in read_server_response
    data = self._read_packet_bytes(timeout=timeout)
  File "/Users/akshayjacobthomas/anaconda3/envs/jax_trial/lib/python3.9/site-packages/wandb/sdk/lib/sock_client.py", line 270, in _read_packet_bytes
    raise SockClientClosedError
wandb.sdk.lib.sock_client.SockClientClosedError

The above exception was the direct cause of the following exception:

Traceback (most recent call last):
  File "/Users/akshayjacobthomas/anaconda3/envs/jax_trial/lib/python3.9/site-packages/wandb/sdk/interface/router.py", line 70, in message_loop
    msg = self._read_message()
  File "/Users/akshayjacobthomas/anaconda3/envs/jax_trial/lib/python3.9/site-packages/wandb/sdk/interface/router_sock.py", line 30, in _read_message
    raise MessageRouterClosedError from e
wandb.sdk.interface.router.MessageRouterClosedError
2026-02-02 21:13:02,562 INFO    MsgRouterThr:9691 [mailbox.py:close():115] Closing mailbox, abandoning 1 handles.
